
=== Tue Jul 13 23:27:03 2021

Packages were changed.
Update Mode: updateDependencies

The following packages were updated:
  com.unity.2d.spriteshape from version 6.0.0 to 6.0.1
  com.unity.test-framework from version 1.1.24 to 1.1.27

=== Thu Jul 15 01:25:54 2021

Packages were changed.
Update Mode: resetToDefaultDependencies

The following packages were added:
  com.unity.collab-proxy@1.5.7
  com.unity.ide.rider@3.0.7
  com.unity.ide.visualstudio@2.0.9
  com.unity.ide.vscode@1.2.3
  com.unity.modules.ai@1.0.0
  com.unity.modules.androidjni@1.0.0
  com.unity.modules.animation@1.0.0
  com.unity.modules.assetbundle@1.0.0
  com.unity.modules.audio@1.0.0
  com.unity.modules.cloth@1.0.0
  com.unity.modules.director@1.0.0
  com.unity.modules.imageconversion@1.0.0
  com.unity.modules.imgui@1.0.0
  com.unity.modules.jsonserialize@1.0.0
  com.unity.modules.particlesystem@1.0.0
  com.unity.modules.physics@1.0.0
  com.unity.modules.physics2d@1.0.0
  com.unity.modules.screencapture@1.0.0
  com.unity.modules.terrain@1.0.0
  com.unity.modules.terrainphysics@1.0.0
  com.unity.modules.tilemap@1.0.0
  com.unity.modules.ui@1.0.0
  com.unity.modules.uielements@1.0.0
  com.unity.modules.umbra@1.0.0
  com.unity.modules.unityanalytics@1.0.0
  com.unity.modules.unitywebrequest@1.0.0
  com.unity.modules.unitywebrequestassetbundle@1.0.0
  com.unity.modules.unitywebrequestaudio@1.0.0
  com.unity.modules.unitywebrequesttexture@1.0.0
  com.unity.modules.unitywebrequestwww@1.0.0
  com.unity.modules.vehicles@1.0.0
  com.unity.modules.video@1.0.0
  com.unity.modules.vr@1.0.0
  com.unity.modules.wind@1.0.0
  com.unity.modules.xr@1.0.0
  com.unity.test-framework@1.1.27
  com.unity.textmeshpro@3.0.6
  com.unity.timeline@1.5.5
  com.unity.ugui@1.0.0
  com.unity.visualscripting@1.6.1

=== Thu Nov 25 02:21:09 2021

Packages were changed.
Update Mode: updateDependencies

The following packages were updated:
  com.unity.collab-proxy from version 1.5.7 to 1.15.1
  com.unity.ide.visualstudio from version 2.0.9 to 2.0.11
  com.unity.ide.vscode from version 1.2.3 to 1.2.4
  com.unity.test-framework from version 1.1.27 to 1.1.29
  com.unity.timeline from version 1.5.5 to 1.6.2
  com.unity.visualscripting from version 1.6.1 to 1.7.5

=== Fri Dec 10 16:18:25 2021

Packages were changed.
Update Mode: updateDependencies

The following packages were updated:
  com.unity.collab-proxy from version 1.15.1 to 1.15.4
  com.unity.ide.visualstudio from version 2.0.11 to 2.0.12

=== Mon Jul 25 03:39:01 2022

Packages were changed.
Update Mode: updateDependencies

The following packages were updated:
  com.unity.collab-proxy from version 1.15.4 to 1.15.18
  com.unity.ide.rider from version 3.0.7 to 3.0.15
  com.unity.ide.visualstudio from version 2.0.12 to 2.0.16
  com.unity.ide.vscode from version 1.2.4 to 1.2.5
  com.unity.test-framework from version 1.1.29 to 1.1.31
  com.unity.timeline from version 1.6.2 to 1.6.4
  com.unity.visualscripting from version 1.7.5 to 1.7.8

=== Wed Jun 28 23:40:46 2023

Packages were changed.
Update Mode: updateDependencies

The following packages were updated:
  com.unity.collab-proxy from version 1.15.18 to 2.0.4
  com.unity.ide.rider from version 3.0.15 to 3.0.21
  com.unity.ide.visualstudio from version 2.0.16 to 2.0.18
  com.unity.test-framework from version 1.1.31 to 1.1.33
  com.unity.timeline from version 1.6.4 to 1.6.5
  com.unity.visualscripting from version 1.7.8 to 1.8.0

=== Sun Nov  5 03:33:21 2023

Packages were changed.
Update Mode: updateDependencies

The following packages were updated:
  com.unity.collab-proxy from version 2.0.4 to 2.2.0
  com.unity.ide.rider from version 3.0.21 to 3.0.25
  com.unity.ide.visualstudio from version 2.0.18 to 2.0.21
  com.unity.visualscripting from version 1.8.0 to 1.9.1
